21:24:05.144  1007 DEBUG fr.sparna.rdf.xls2rdf.app.Convert - Will use output format : text/turtle
21:24:05.146  1009 DEBUG fr.sparna.rdf.xls2rdf.app.Convert - Will use ModelWriter : fr.sparna.rdf.xls2rdf.OutputStreamModelWriter
21:24:06.089  1952 DEBUG f.s.rdf.xls2rdf.Xls2RdfConverter - Processing sheet: Sheet1
21:24:06.095  1958 INFO  f.sparna.rdf.xls2rdf.RdfizableSheet - Found proper property in header : http://purl.org/m4m/
21:24:06.096  1959 INFO  f.sparna.rdf.xls2rdf.RdfizableSheet - Found proper property in header : http://www.w3.org/2004/02/skos/core#
21:24:06.097  1960 INFO  f.sparna.rdf.xls2rdf.RdfizableSheet - Found proper property in header : http://www.w3.org/2002/07/owl#
21:24:06.098  1961 INFO  f.sparna.rdf.xls2rdf.RdfizableSheet - Found proper property in header : http://purl.org/vocommons/voaf#
21:24:06.099  1962 INFO  f.sparna.rdf.xls2rdf.RdfizableSheet - Found proper property in header : http://purl.org/dc/terms/
21:24:06.100  1963 INFO  f.sparna.rdf.xls2rdf.RdfizableSheet - Found proper property in header : http://omv.ontoware.org/2005/05/ontology
21:24:06.101  1964 INFO  f.sparna.rdf.xls2rdf.RdfizableSheet - Found proper property in header : https://w3id.org/iadopt/ont/
21:24:06.102  1965 INFO  f.sparna.rdf.xls2rdf.RdfizableSheet - Found proper property in header : https://w3id.org/env/puv#
21:24:06.103  1966 INFO  f.sparna.rdf.xls2rdf.RdfizableSheet - Found proper property in header : http://www.w3.org/ns/sosa/
21:24:06.104  1967 INFO  f.sparna.rdf.xls2rdf.RdfizableSheet - Found proper property in header : http://www.w3.org/2001/XMLSchema#
21:24:06.104  1967 INFO  f.sparna.rdf.xls2rdf.RdfizableSheet - Found proper property in header : http://www.w3.org/1999/02/22-rdf-syntax-ns#
21:24:06.105  1968 INFO  f.sparna.rdf.xls2rdf.RdfizableSheet - Found proper property in header : http://www.w3.org/2000/01/rdf-schema#
21:24:06.106  1969 INFO  f.sparna.rdf.xls2rdf.RdfizableSheet - Found proper property in header : http://qudt.org/schema/qudt/
21:24:06.106  1969 INFO  f.sparna.rdf.xls2rdf.RdfizableSheet - Found proper property in header : http://qudt.org/vocab/unit/
21:24:06.110  1973 INFO  f.sparna.rdf.xls2rdf.RdfizableSheet - Found proper property in header : http://purl.org/m4m/
21:24:06.114  1977 ERROR f.s.rdf.xls2rdf.ColumnHeaderParser - Unsuccessfull parsing of header parameters for header 'ORCID of the creator of the vocabulary, can be multiple (use separate lines)', Exception is java.lang.ArrayIndexOutOfBoundsException : Index 1 out of bounds for length 1
21:24:06.118  1981 INFO  f.sparna.rdf.xls2rdf.RdfizableSheet - Found proper property in header : http://schema.org/Researcher
21:24:06.121  1984 INFO  f.sparna.rdf.xls2rdf.RdfizableSheet - Found proper property in header : https://spdx.org/licenses/CC-BY-4.0.html
21:24:06.125  1988 INFO  f.sparna.rdf.xls2rdf.RdfizableSheet - Found proper property in header : http://www.w3.org/2004/02/skos/core#prefLabel
21:24:06.125  1988 INFO  f.sparna.rdf.xls2rdf.RdfizableSheet - Found proper property in header : http://www.w3.org/2004/02/skos/core#altLabel
21:24:06.125  1988 INFO  f.sparna.rdf.xls2rdf.RdfizableSheet - Found proper property in header : http://www.w3.org/2004/02/skos/core#notation
21:24:06.126  1989 INFO  f.sparna.rdf.xls2rdf.RdfizableSheet - Found proper property in header : http://www.w3.org/2004/02/skos/core#definition
21:24:06.126  1989 INFO  f.sparna.rdf.xls2rdf.RdfizableSheet - Found proper property in header : http://purl.org/dc/terms/source
21:24:06.126  1989 INFO  f.sparna.rdf.xls2rdf.RdfizableSheet - Found proper property in header : http://www.w3.org/2004/02/skos/core#broader
21:24:06.126  1989 INFO  f.sparna.rdf.xls2rdf.RdfizableSheet - Found proper property in header : http://www.w3.org/1999/02/22-rdf-syntax-ns#type
21:24:06.126  1989 INFO  f.sparna.rdf.xls2rdf.RdfizableSheet - Found proper property in header : http://www.w3.org/2004/02/skos/core#exactMatch
21:24:06.126  1989 INFO  f.sparna.rdf.xls2rdf.RdfizableSheet - Found at least 2 headers with proper property declaration in the first 10 columns, title row is at index 45
21:24:06.127  1990 DEBUG f.s.rdf.xls2rdf.Xls2RdfConverter - Found title row at index 45
21:24:06.129  1992 DEBUG f.s.rdf.xls2rdf.Xls2RdfConverter - Adding value on header object "LD Base vocabulary" with lang en
21:24:06.132  1995 DEBUG f.s.rdf.xls2rdf.Xls2RdfConverter - Adding value on header object "LD Base vocabulary" with lang en
21:24:06.132  1995 DEBUG f.s.rdf.xls2rdf.Xls2RdfConverter - Adding value on header object "http://purl.org/m4m/" with lang en
21:24:06.133  1996 DEBUG f.s.rdf.xls2rdf.Xls2RdfConverter - Adding value on header object "descriptors that apply to the project methodologies" with lang en
21:24:06.134  1997 DEBUG f.s.rdf.xls2rdf.Xls2RdfConverter - Adding value on header object "http://schema.org/Researcher" with lang en
21:24:06.134  1997 DEBUG f.s.rdf.xls2rdf.Xls2RdfConverter - Adding value on header object "Project page" with lang en
21:24:06.134  1997 DEBUG f.s.rdf.xls2rdf.Xls2RdfConverter - Adding value on header object "en" with lang en
21:24:06.134  1997 DEBUG f.s.rdf.xls2rdf.Xls2RdfConverter - Adding value on header object "https://spdx.org/licenses/CC-BY-4.0.html" with lang en
21:24:06.135  1998 DEBUG f.s.rdf.xls2rdf.Xls2RdfConverter - Adding value on header object "0.0.1" with lang en
21:24:06.135  1998 DEBUG f.s.rdf.xls2rdf.Xls2RdfConverter - Adding value on header object "2023-11-14T00:00:00+00:00" with lang en
21:24:06.136  1999 DEBUG f.s.rdf.xls2rdf.Xls2RdfConverter - Converting data with these column headers: 
21:24:06.136  1999 DEBUG f.s.rdf.xls2rdf.Xls2RdfConverter - ColumnHeader [originalValue=Identifier, language=Optional.empty, datatype=Optional.empty, property=null, declaredProperty=Identifier, inverse=false, parameters={}, id=null, reconcileOn=null, headerCell=Identifier]
21:24:06.145  2008 DEBUG f.s.rdf.xls2rdf.Xls2RdfConverter - ColumnHeader [originalValue=skos:prefLabel@en(id="label"), language=Optional[en], datatype=Optional.empty, property=http://www.w3.org/2004/02/skos/core#prefLabel, declaredProperty=skos:prefLabel, inverse=false, parameters={id=label}, id=label, reconcileOn=null, headerCell=skos:prefLabel@en(id="label")]
21:24:06.147  2010 DEBUG f.s.rdf.xls2rdf.Xls2RdfConverter - ColumnHeader [originalValue=skos:altLabel(separator=","), language=Optional.empty, datatype=Optional.empty, property=http://www.w3.org/2004/02/skos/core#altLabel, declaredProperty=skos:altLabel, inverse=false, parameters={separator=,}, id=null, reconcileOn=null, headerCell=skos:altLabel(separator=",")]
21:24:06.148  2011 DEBUG f.s.rdf.xls2rdf.Xls2RdfConverter - ColumnHeader [originalValue=skos:notation, language=Optional.empty, datatype=Optional.empty, property=http://www.w3.org/2004/02/skos/core#notation, declaredProperty=skos:notation, inverse=false, parameters={}, id=null, reconcileOn=null, headerCell=skos:notation]
21:24:06.148  2011 DEBUG f.s.rdf.xls2rdf.Xls2RdfConverter - ColumnHeader [originalValue=skos:definition@en, language=Optional[en], datatype=Optional.empty, property=http://www.w3.org/2004/02/skos/core#definition, declaredProperty=skos:definition, inverse=false, parameters={}, id=null, reconcileOn=null, headerCell=skos:definition@en]
21:24:06.148  2011 DEBUG f.s.rdf.xls2rdf.Xls2RdfConverter - ColumnHeader [originalValue=dct:source(separator=","), language=Optional.empty, datatype=Optional.empty, property=http://purl.org/dc/terms/source, declaredProperty=dct:source, inverse=false, parameters={separator=,}, id=null, reconcileOn=null, headerCell=dct:source(separator=",")]
21:24:06.148  2011 DEBUG f.s.rdf.xls2rdf.Xls2RdfConverter - ColumnHeader [originalValue=skos:broader(separator=","), language=Optional.empty, datatype=Optional.empty, property=http://www.w3.org/2004/02/skos/core#broader, declaredProperty=skos:broader, inverse=false, parameters={separator=,}, id=null, reconcileOn=null, headerCell=skos:broader(separator=",")]
21:24:06.148  2011 DEBUG f.s.rdf.xls2rdf.Xls2RdfConverter - ColumnHeader [originalValue=rdf:type, language=Optional.empty, datatype=Optional.empty, property=http://www.w3.org/1999/02/22-rdf-syntax-ns#type, declaredProperty=rdf:type, inverse=false, parameters={}, id=null, reconcileOn=null, headerCell=rdf:type]
21:24:06.148  2011 DEBUG f.s.rdf.xls2rdf.Xls2RdfConverter - ColumnHeader [originalValue=owlsameAs, language=Optional.empty, datatype=Optional.empty, property=null, declaredProperty=owlsameAs, inverse=false, parameters={}, id=null, reconcileOn=null, headerCell=owlsameAs]
21:24:06.148  2011 DEBUG f.s.rdf.xls2rdf.Xls2RdfConverter - ColumnHeader [originalValue=skos:exactMatch(separator=","), language=Optional.empty, datatype=Optional.empty, property=http://www.w3.org/2004/02/skos/core#exactMatch, declaredProperty=skos:exactMatch, inverse=false, parameters={separator=,}, id=null, reconcileOn=null, headerCell=skos:exactMatch(separator=",")]
21:24:06.148  2011 DEBUG f.s.rdf.xls2rdf.Xls2RdfConverter - ColumnHeader [originalValue=skos:closeMatch(separator=","), language=Optional.empty, datatype=Optional.empty, property=http://www.w3.org/2004/02/skos/core#closeMatch, declaredProperty=skos:closeMatch, inverse=false, parameters={separator=,}, id=null, reconcileOn=null, headerCell=skos:closeMatch(separator=",")]
21:24:06.148  2011 DEBUG f.s.rdf.xls2rdf.Xls2RdfConverter - ColumnHeader [originalValue=skos:broadMatch(separator=","), language=Optional.empty, datatype=Optional.empty, property=http://www.w3.org/2004/02/skos/core#broadMatch, declaredProperty=skos:broadMatch, inverse=false, parameters={separator=,}, id=null, reconcileOn=null, headerCell=skos:broadMatch(separator=",")]
21:24:06.148  2011 DEBUG f.s.rdf.xls2rdf.Xls2RdfConverter - ColumnHeader [originalValue=iop:hasProperty, language=Optional.empty, datatype=Optional.empty, property=https://w3id.org/iadopt/ont/hasProperty, declaredProperty=iop:hasProperty, inverse=false, parameters={}, id=null, reconcileOn=null, headerCell=iop:hasProperty]
21:24:06.148  2011 DEBUG f.s.rdf.xls2rdf.Xls2RdfConverter - ColumnHeader [originalValue=iop:hasObjectOfInterest, language=Optional.empty, datatype=Optional.empty, property=https://w3id.org/iadopt/ont/hasObjectOfInterest, declaredProperty=iop:hasObjectOfInterest, inverse=false, parameters={}, id=null, reconcileOn=null, headerCell=iop:hasObjectOfInterest]
21:24:06.149  2012 DEBUG f.s.rdf.xls2rdf.Xls2RdfConverter - ColumnHeader [originalValue=iop:hasMatrix, language=Optional.empty, datatype=Optional.empty, property=https://w3id.org/iadopt/ont/hasMatrix, declaredProperty=iop:hasMatrix, inverse=false, parameters={}, id=null, reconcileOn=null, headerCell=iop:hasMatrix]
21:24:06.149  2012 DEBUG f.s.rdf.xls2rdf.Xls2RdfConverter - ColumnHeader [originalValue=iop:hasContextObject(separator=","), language=Optional.empty, datatype=Optional.empty, property=https://w3id.org/iadopt/ont/hasContextObject, declaredProperty=iop:hasContextObject, inverse=false, parameters={separator=,}, id=null, reconcileOn=null, headerCell=iop:hasContextObject(separator=",")]
21:24:06.149  2012 DEBUG f.s.rdf.xls2rdf.Xls2RdfConverter - ColumnHeader [originalValue=iop:hasConstraint(separator=","), language=Optional.empty, datatype=Optional.empty, property=https://w3id.org/iadopt/ont/hasConstraint, declaredProperty=iop:hasConstraint, inverse=false, parameters={separator=,}, id=null, reconcileOn=null, headerCell=iop:hasConstraint(separator=",")]
21:24:06.149  2012 DEBUG f.s.rdf.xls2rdf.Xls2RdfConverter - ColumnHeader [originalValue=puv:statistic(separator=","), language=Optional.empty, datatype=Optional.empty, property=https://w3id.org/env/puv#statistic, declaredProperty=puv:statistic, inverse=false, parameters={separator=,}, id=null, reconcileOn=null, headerCell=puv:statistic(separator=",")]
21:24:06.149  2012 DEBUG f.s.rdf.xls2rdf.Xls2RdfConverter - ColumnHeader [originalValue=puv:usesMethod(separator=","), language=Optional.empty, datatype=Optional.empty, property=https://w3id.org/env/puv#usesMethod, declaredProperty=puv:usesMethod, inverse=false, parameters={separator=,}, id=null, reconcileOn=null, headerCell=puv:usesMethod(separator=",")]
21:24:06.149  2012 DEBUG f.s.rdf.xls2rdf.Xls2RdfConverter - ColumnHeader [originalValue=sosa:madeBySensor(separator=","), language=Optional.empty, datatype=Optional.empty, property=http://www.w3.org/ns/sosa/madeBySensor, declaredProperty=sosa:madeBySensor, inverse=false, parameters={separator=,}, id=null, reconcileOn=null, headerCell=sosa:madeBySensor(separator=",")]
21:24:06.149  2012 DEBUG f.s.rdf.xls2rdf.Xls2RdfConverter - ColumnHeader [originalValue=puv:uom(separator=","), language=Optional.empty, datatype=Optional.empty, property=https://w3id.org/env/puv#uom, declaredProperty=puv:uom, inverse=false, parameters={separator=,}, id=null, reconcileOn=null, headerCell=puv:uom(separator=",")]
21:24:06.149  2012 DEBUG f.s.rdf.xls2rdf.Xls2RdfConverter - ColumnHeader [originalValue=owl:deprecated^^xsd:boolean, language=Optional.empty, datatype=Optional[http://www.w3.org/2001/XMLSchema#boolean], property=http://www.w3.org/2002/07/owl#deprecated, declaredProperty=owl:deprecated, inverse=false, parameters={}, id=null, reconcileOn=null, headerCell=owl:deprecated^^xsd:boolean]
21:24:06.149  2012 DEBUG f.s.rdf.xls2rdf.Xls2RdfConverter - ColumnHeader [originalValue=skos:editorialNote@en, language=Optional[en], datatype=Optional.empty, property=http://www.w3.org/2004/02/skos/core#editorialNote, declaredProperty=skos:editorialNote, inverse=false, parameters={}, id=null, reconcileOn=null, headerCell=skos:editorialNote@en]
21:24:06.149  2012 DEBUG f.s.rdf.xls2rdf.Xls2RdfConverter - ColumnHeader [originalValue=dct:created^^xsd:date, language=Optional.empty, datatype=Optional[http://www.w3.org/2001/XMLSchema#date], property=http://purl.org/dc/terms/created, declaredProperty=dct:created, inverse=false, parameters={}, id=null, reconcileOn=null, headerCell=dct:created^^xsd:date]
21:24:06.150  2013 DEBUG f.s.rdf.xls2rdf.Xls2RdfConverter - ColumnHeader [originalValue=dct:modified^^xsd:date, language=Optional.empty, datatype=Optional[http://www.w3.org/2001/XMLSchema#date], property=http://purl.org/dc/terms/modified, declaredProperty=dct:modified, inverse=false, parameters={}, id=null, reconcileOn=null, headerCell=dct:modified^^xsd:date]
21:24:06.150  2013 DEBUG f.s.rdf.xls2rdf.Xls2RdfConverter - ColumnHeader [originalValue=dct:creator(separator=","), language=Optional.empty, datatype=Optional.empty, property=http://purl.org/dc/terms/creator, declaredProperty=dct:creator, inverse=false, parameters={separator=,}, id=null, reconcileOn=null, headerCell=dct:creator(separator=",")]
21:24:06.150  2013 DEBUG f.s.rdf.xls2rdf.Xls2RdfConverter - ColumnHeader [originalValue=dct:contributor(separator=","), language=Optional.empty, datatype=Optional.empty, property=http://purl.org/dc/terms/contributor, declaredProperty=dct:contributor, inverse=false, parameters={separator=,}, id=null, reconcileOn=null, headerCell=dct:contributor(separator=",")]
21:24:06.150  2013 INFO  f.s.rdf.xls2rdf.Xls2RdfConverter - Converting rows...
21:24:06.251  2114 INFO  f.s.r.x.LogXls2RdfMessageListener - Cell Sheet1!X185 : WRONG_FORMAT - Failed to parse date format for value '########'. Is the cell formatted as a date ?
21:24:06.253  2116 INFO  f.s.r.x.LogXls2RdfMessageListener - Cell Sheet1!X188 : WRONG_FORMAT - Failed to parse date format for value '########'. Is the cell formatted as a date ?
21:24:06.254  2117 INFO  f.s.r.x.LogXls2RdfMessageListener - Cell Sheet1!X190 : WRONG_FORMAT - Failed to parse date format for value '########'. Is the cell formatted as a date ?
21:24:06.257  2120 INFO  f.s.r.x.LogXls2RdfMessageListener - Cell Sheet1!X192 : WRONG_FORMAT - Failed to parse date format for value '########'. Is the cell formatted as a date ?
21:24:06.258  2121 INFO  f.s.r.x.LogXls2RdfMessageListener - Cell Sheet1!X194 : WRONG_FORMAT - Failed to parse date format for value '########'. Is the cell formatted as a date ?
21:24:06.259  2122 INFO  f.s.r.x.LogXls2RdfMessageListener - Cell Sheet1!X197 : WRONG_FORMAT - Failed to parse date format for value '########'. Is the cell formatted as a date ?
21:24:06.260  2123 INFO  f.s.r.x.LogXls2RdfMessageListener - Cell Sheet1!X198 : WRONG_FORMAT - Failed to parse date format for value '########'. Is the cell formatted as a date ?
21:24:06.261  2124 INFO  f.s.r.x.LogXls2RdfMessageListener - Cell Sheet1!X199 : WRONG_FORMAT - Failed to parse date format for value '########'. Is the cell formatted as a date ?
21:24:06.261  2124 INFO  f.s.r.x.LogXls2RdfMessageListener - Cell Sheet1!X200 : WRONG_FORMAT - Failed to parse date format for value '########'. Is the cell formatted as a date ?
21:24:06.262  2125 INFO  f.s.r.x.LogXls2RdfMessageListener - Cell Sheet1!X201 : WRONG_FORMAT - Failed to parse date format for value '########'. Is the cell formatted as a date ?
21:24:06.264  2127 INFO  f.s.r.x.LogXls2RdfMessageListener - Cell Sheet1!X203 : WRONG_FORMAT - Failed to parse date format for value '########'. Is the cell formatted as a date ?
21:24:06.265  2128 INFO  f.s.r.x.LogXls2RdfMessageListener - Cell Sheet1!X205 : WRONG_FORMAT - Failed to parse date format for value '########'. Is the cell formatted as a date ?
21:24:06.266  2129 INFO  f.s.r.x.LogXls2RdfMessageListener - Cell Sheet1!X206 : WRONG_FORMAT - Failed to parse date format for value '########'. Is the cell formatted as a date ?
21:24:06.267  2130 INFO  f.s.r.x.LogXls2RdfMessageListener - Cell Sheet1!X207 : WRONG_FORMAT - Failed to parse date format for value '########'. Is the cell formatted as a date ?
21:24:06.267  2130 INFO  f.s.r.x.LogXls2RdfMessageListener - Cell Sheet1!X208 : WRONG_FORMAT - Failed to parse date format for value '########'. Is the cell formatted as a date ?
21:24:06.268  2131 INFO  f.s.r.x.LogXls2RdfMessageListener - Cell Sheet1!X209 : WRONG_FORMAT - Failed to parse date format for value '########'. Is the cell formatted as a date ?
21:24:06.269  2132 INFO  f.s.r.x.LogXls2RdfMessageListener - Cell Sheet1!X210 : WRONG_FORMAT - Failed to parse date format for value '########'. Is the cell formatted as a date ?
21:24:06.269  2132 INFO  f.s.r.x.LogXls2RdfMessageListener - Cell Sheet1!X211 : WRONG_FORMAT - Failed to parse date format for value '########'. Is the cell formatted as a date ?
21:24:06.270  2133 INFO  f.s.r.x.LogXls2RdfMessageListener - Cell Sheet1!X212 : WRONG_FORMAT - Failed to parse date format for value '########'. Is the cell formatted as a date ?
21:24:06.270  2133 INFO  f.s.r.x.LogXls2RdfMessageListener - Cell Sheet1!X213 : WRONG_FORMAT - Failed to parse date format for value '########'. Is the cell formatted as a date ?
21:24:06.271  2134 INFO  f.s.r.x.LogXls2RdfMessageListener - Cell Sheet1!X214 : WRONG_FORMAT - Failed to parse date format for value '########'. Is the cell formatted as a date ?
21:24:06.272  2135 INFO  f.s.r.x.LogXls2RdfMessageListener - Cell Sheet1!X215 : WRONG_FORMAT - Failed to parse date format for value '########'. Is the cell formatted as a date ?
21:24:06.273  2136 INFO  f.s.r.x.LogXls2RdfMessageListener - Cell Sheet1!X216 : WRONG_FORMAT - Failed to parse date format for value '########'. Is the cell formatted as a date ?
21:24:06.273  2136 INFO  f.s.r.x.LogXls2RdfMessageListener - Cell Sheet1!X217 : WRONG_FORMAT - Failed to parse date format for value '########'. Is the cell formatted as a date ?
21:24:06.274  2137 INFO  f.s.r.x.LogXls2RdfMessageListener - Cell Sheet1!X218 : WRONG_FORMAT - Failed to parse date format for value '########'. Is the cell formatted as a date ?
21:24:06.274  2137 INFO  f.s.r.x.LogXls2RdfMessageListener - Cell Sheet1!X219 : WRONG_FORMAT - Failed to parse date format for value '########'. Is the cell formatted as a date ?
21:24:06.275  2138 INFO  f.s.r.x.LogXls2RdfMessageListener - Cell Sheet1!X220 : WRONG_FORMAT - Failed to parse date format for value '########'. Is the cell formatted as a date ?
21:24:06.275  2138 INFO  f.s.r.x.LogXls2RdfMessageListener - Cell Sheet1!X221 : WRONG_FORMAT - Failed to parse date format for value '########'. Is the cell formatted as a date ?
21:24:06.276  2139 INFO  f.s.r.x.LogXls2RdfMessageListener - Cell Sheet1!X222 : WRONG_FORMAT - Failed to parse date format for value '########'. Is the cell formatted as a date ?
21:24:06.277  2140 INFO  f.s.r.x.LogXls2RdfMessageListener - Cell Sheet1!X223 : WRONG_FORMAT - Failed to parse date format for value '########'. Is the cell formatted as a date ?
21:24:06.277  2140 INFO  f.s.r.x.LogXls2RdfMessageListener - Cell Sheet1!X224 : WRONG_FORMAT - Failed to parse date format for value '########'. Is the cell formatted as a date ?
21:24:06.278  2141 INFO  f.s.r.x.LogXls2RdfMessageListener - Cell Sheet1!X225 : WRONG_FORMAT - Failed to parse date format for value '########'. Is the cell formatted as a date ?
21:24:06.278  2141 INFO  f.s.r.x.LogXls2RdfMessageListener - Cell Sheet1!X226 : WRONG_FORMAT - Failed to parse date format for value '########'. Is the cell formatted as a date ?
21:24:06.279  2142 INFO  f.s.r.x.LogXls2RdfMessageListener - Cell Sheet1!X227 : WRONG_FORMAT - Failed to parse date format for value '########'. Is the cell formatted as a date ?
21:24:06.281  2144 INFO  f.s.r.x.LogXls2RdfMessageListener - Cell Sheet1!X229 : WRONG_FORMAT - Failed to parse date format for value '########'. Is the cell formatted as a date ?
21:24:06.305  2168 INFO  f.s.rdf.xls2rdf.Xls2RdfConverter - Applying SKOS post-processings on the result
21:24:06.306  2169 DEBUG f.s.rdf.xls2rdf.SkosPostProcessor - Postprocessing : SkosPostProcessor
21:24:06.307  2170 DEBUG f.s.rdf.xls2rdf.SkosPostProcessor - Considering main resource like a ConceptScheme.
21:24:06.311  2174 DEBUG f.s.rdf.xls2rdf.SkosPostProcessor - Adding inverse skos:broader and skos:narrower
21:24:06.315  2178 DEBUG f.s.rdf.xls2rdf.SkosPostProcessor - Adding skos:inScheme
21:24:06.317  2180 DEBUG f.s.rdf.xls2rdf.SkosPostProcessor - Setting rdf:type skos:ConceptScheme to main resource
21:24:06.317  2180 DEBUG f.s.rdf.xls2rdf.SkosPostProcessor - Adding skos:hasTopConcept / skos:topConceptOf
21:24:06.320  2183 DEBUG f.s.rdf.xls2rdf.Xls2RdfConverter - Saving graph of 1431 statements generated from Sheet Sheet1
